{
  "summary": {
    "outcome": "Failed",
    "testsRan": 1,
    "passing": 0,
    "failing": 1,
    "skipped": 0,
    "passRate": "0%",
    "failRate": "100%",
    "skipRate": "0%",
    "testStartTime": "2024-03-25T19:15:39.000Z",
    "testExecutionTimeInMs": 65,
    "testTotalTimeInMs": 65,
    "commandTimeInMs": 547,
    "hostname": "https://cunning-unicorn-6zxmbq-dev-ed.trailblaze.my.salesforce.com",
    "orgId": "00Daj000003lBiLEAU",
    "username": "yan.nascimento@cunning-unicorn-6zxmbq.com",
    "testRunId": "707aj000001K0pj",
    "userId": "005aj000002TQ62AAG"
  },
  "tests": [
    {
      "id": "07Maj000000IMRtEAO",
      "queueItemId": "709aj000000sgwnAAA",
      "stackTrace": "Class.GetAdopter2InformationTest.getAdopter2InfoTest: line 52, column 1",
      "message": "System.AssertException: Assertion Failed: Adoption don't match to the right Adopter: Expected: a03aj000001Qcp3AAC, Actual: {a03aj000001Qcp3AAC}",
      "asyncApexJobId": "707aj000001K0pjAAC",
      "methodName": "getAdopter2InfoTest",
      "outcome": "Fail",
      "apexLogId": "07Laj000000oALyEAM",
      "apexClass": {
        "id": "01paj000002OWzOAAW",
        "name": "GetAdopter2InformationTest",
        "namespacePrefix": null,
        "fullName": "GetAdopter2InformationTest"
      },
      "runTime": 65,
      "testTimestamp": "2024-03-25T19:15:39.000+0000",
      "fullName": "GetAdopter2InformationTest.getAdopter2InfoTest",
      "diagnostic": {
        "exceptionMessage": "System.AssertException: Assertion Failed: Adoption don't match to the right Adopter: Expected: a03aj000001Qcp3AAC, Actual: {a03aj000001Qcp3AAC}",
        "exceptionStackTrace": "Class.GetAdopter2InformationTest.getAdopter2InfoTest: line 52, column 1",
        "className": "GetAdopter2InformationTest",
        "compileProblem": "",
        "lineNumber": 52,
        "columnNumber": 1
      }
    }
  ]
}